<?xml version="1.0" encoding="UTF-8"?>
<!-- Generated by org.testng.reporters.JUnitReportReporter -->
<testsuite hostname="DESKTOP-D8CMQ0I" name="rest_assured_assignment.restAssured" tests="3" failures="0" timestamp="22 Mar 2022 07:01:49 GMT" time="2.731" errors="0">
  <testcase name="UpdateUserByPutMethod" time="0.059" classname="rest_assured_assignment.restAssured"/>
  <testcase name="CreateuserBypostMethod" time="2.610" classname="rest_assured_assignment.restAssured"/>
  <testcase name="login" time="0.062" classname="rest_assured_assignment.restAssured"/>
</testsuite> <!-- rest_assured_assignment.restAssured -->
